0LOGICAL ARRAY
       1   F   F   F   F   F   F   F   F   F   F   F   F   F   F   F   F   F   F
      19   F   F   F   F   F   F   F
0INTEGER ARRAY
       1  -1  -1  -1  -1  -1  -1  -1  -1  -1  -1  -1  -1  -1  -1  -1  -1  -1  -1
      19  -1  -1  -1  -1  -1  -1  -1
0REAL ARRAY
       1  1.0000E+00  1.0000E+00  1.0000E+00  1.0000E+00  1.0000E+00  1.0000E+00
      **          **
      19  1.0000E+00  1.0000E+00  1.0000E+00  1.0000E+00  1.0000E+00  1.0000E+00
      25  1.0000E+00
0DOUBLE PRECISION ARRAY
       1  1.0000E+00  1.0000E+00  1.0000E+00  1.0000E+00  1.0000E+00  1.0000E+00
      **          **
      19  1.0000E+00  1.0000E+00  1.0000E+00  1.0000E+00  1.0000E+00  1.0000E+00
      25  1.0000E+00
0COMPLEX ARRAY
       1  1.0000E+00 -1.0000E+00  1.0000E+00 -1.0000E+00  1.0000E+00 -1.0000E+00
      **          **
      22  1.0000E+00 -1.0000E+00  1.0000E+00 -1.0000E+00  1.0000E+00 -1.0000E+00
      25  1.0000E+00 -1.0000E+00
