 ERROR IN V(   1.00E-07 ) = -1.92E-08  2.19E-03
 ERROR IN V(   2.98E-07 ) =  1.99E-10  2.10E-03
 ERROR IN V(   8.97E-07 ) = -5.66E-08  5.24E-03
 ERROR IN V(   1.72E-06 ) = -1.24E-07  6.71E-03
 ERROR IN V(   2.88E-06 ) = -4.28E-08  5.64E-03
 ERROR IN V(   4.69E-06 ) = -1.60E-08  7.85E-03
 ERROR IN V(   7.01E-06 ) =  3.46E-08  2.75E-03
 ERROR IN V(   1.24E-05 ) =  9.25E-08  2.61E-04
 ERROR IN V(   4.04E-05 ) =  8.59E-08  1.18E-06
 ERROR IN V(   9.34E-04 ) =  3.10E-07  5.83E-12
 ERROR IN V(   1.91E-01 ) =  3.00E-04 -1.17E-18
 ERROR IN V(   7.68E-01 ) =  4.34E-03 -2.38E-15
 ERROR IN V(   1.56E+00 ) =  6.54E-03 -5.96E-16
 ERROR IN V(   2.64E+00 ) =  5.96E-03  2.98E-15
 ERROR IN V(   4.29E+00 ) =  3.44E-03  3.18E-21
 ERROR IN V(   6.46E+00 ) =  2.38E-03 -4.24E-21
 ERROR IN V(   1.16E+01 ) =  3.03E-04 -5.82E-18
 ERROR IN V(   3.67E+01 ) =  1.70E-06 -9.11E-18
 ERROR IN V(   7.43E+02 ) =  1.36E-11 -1.67E-21
 ERROR IN V(   1.85E+05 ) =  1.60E-21 -3.99E-29
 ERROR IN V(   4.84E+07 ) =  2.41E-35   .00E+00
 ERROR IN V(   1.26E+10 ) =  5.74E-42   .00E+00
 ERROR IN V(   3.31E+12 ) =  5.74E-42   .00E+00
 ERROR IN V(   8.64E+14 ) =  5.74E-42   .00E+00
 ERROR IN V(   2.26E+17 ) =  5.74E-42   .00E+00
 ERROR IN V(   5.90E+19 ) =  5.74E-42   .00E+00
 ERROR IN V(   1.00E+20 ) =  5.74E-42   .00E+00
