                FOR THE VALUES, ERRPAR(1) = 1.00E-02 AND ERRPAR(2) = 1.00E-03

                WITH INITIAL DT SET TO  1.00E+00


             TIME               X(1)                X(2)               DT


         .00000000E+00      1.00000000E+00     -1.00000000E+00      1.00E+00
        1.00000000E+00      3.68155956E-01     -3.68155956E-01      1.14E+00
        2.00000000E+00      1.36620373E-01     -1.36620373E-01      1.62E+00
0                THE NUMBER OF FUNCTION EVALUATIONS WAS  20
                FOR THE VALUES, ERRPAR(1) = 1.00E-04 AND ERRPAR(2) = 1.00E-06

                WITH INITIAL DT SET TO  1.00E-07


             TIME               X(1)                X(2)               DT


         .00000000E+00      1.00000000E+00     -1.00000000E+00      1.00E-07
        1.00000001E-07      9.99999881E-01     -9.99999881E-01      6.61E-06
        6.71285216E-06      9.99993324E-01     -9.99993324E-01      4.37E-04
        4.44010861E-04      9.99556184E-01     -9.99556184E-01      7.14E-03
        7.58609595E-03      9.92442667E-01     -9.92442667E-01      1.16E-01
        1.23958193E-01      8.83431315E-01     -8.83431315E-01      2.03E-01
        3.26988518E-01      7.21103966E-01     -7.21103966E-01      7.05E-01
        1.03237009E+00      3.56167495E-01     -3.56167495E-01      1.25E+00
        2.00000000E+00      1.35337457E-01     -1.35337457E-01      2.27E+00
0                THE NUMBER OF FUNCTION EVALUATIONS WAS 102
                FOR THE VALUES, ERRPAR(1) = 1.00E-04 AND ERRPAR(2) = 1.00E-06

                WITH INITIAL DT SET TO  1.00E+00


             TIME               X(1)                X(2)               DT


         .00000000E+00      1.00000000E+00     -1.00000000E+00      1.00E+00
        4.35847282E-01      6.46721363E-01     -6.46721363E-01      7.04E-01
        1.14014792E+00      3.19773823E-01     -3.19773823E-01      1.26E+00
        2.00000000E+00      1.35336176E-01     -1.35336176E-01      2.17E+00
0                THE NUMBER OF FUNCTION EVALUATIONS WAS  80
