1STACK DUMP
0STORAGE PARAMETERS
 LOGICAL                1 STORAGE UNITS
 INTEGER                1 STORAGE UNITS
 REAL                   1 STORAGE UNITS
 DOUBLE PRECISION       2 STORAGE UNITS
 COMPLEX                2 STORAGE UNITS
0STACK STATISTICS
 STACK SIZE               1000
 MAXIMUM STACK USED        248
 CURRENT STACK USED        196
 NUMBER OF ALLOCATIONS       5
0ALLOCATION =      5,          POINTER =     73,          TYPE COMPLEX
       1   1.0000000E+00  -1.0000000E+00   1.0000000E+00  -1.0000000E+00   1.0000000E+00  -1.0000000E+00
      **              **
      22   1.0000000E+00  -1.0000000E+00   1.0000000E+00  -1.0000000E+00   1.0000000E+00  -1.0000000E+00
      25   1.0000000E+00  -1.0000000E+00
0ALLOCATION =      4,          POINTER =     47,          TYPE DOUBLE PRECISION
       1    1.000000000000000E+00    1.000000000000000E+00    1.000000000000000E+00    1.000000000000000E+00    1.000000000000000E+00
      **                       **
      21    1.000000000000000E+00    1.000000000000000E+00    1.000000000000000E+00    1.000000000000000E+00    1.000000000000000E+00
0ALLOCATION =      3,          POINTER =     65,          TYPE REAL
       1   1.0000000E+00   1.0000000E+00   1.0000000E+00   1.0000000E+00   1.0000000E+00   1.0000000E+00   1.0000000E+00
      **              **
      15   1.0000000E+00   1.0000000E+00   1.0000000E+00   1.0000000E+00   1.0000000E+00   1.0000000E+00   1.0000000E+00
      22   1.0000000E+00   1.0000000E+00   1.0000000E+00   1.0000000E+00
0ALLOCATION =      2,          POINTER =     38,          TYPE INTEGER
       1           -1           -1           -1           -1           -1           -1           -1           -1           -1
      10           -1           -1           -1           -1           -1           -1           -1           -1           -1
      19           -1           -1           -1           -1           -1           -1           -1
0ALLOCATION =      1,          POINTER =     11,          TYPE LOGICAL
       1   F   F   F   F   F   F   F   F   F   F   F   F   F   F   F   F   F   F   F   F   F   F   F   F   F
0END OF STACK DUMP
