
 N IS  50 M IS   3 NB IS   1
 TIME FOR BASS IN MILLISECONDS IS         .0
 TIME FOR BALE IN MIILISECONDS IS         .0

 N IS  50 M IS   3 NB IS  10
 TIME FOR BASS IN MILLISECONDS IS         .0
 TIME FOR BALE IN MIILISECONDS IS         .0

 N IS  50 M IS  19 NB IS   1
 TIME FOR BASS IN MILLISECONDS IS         .0
 TIME FOR BALE IN MIILISECONDS IS         .0

 N IS  50 M IS  19 NB IS  10
 TIME FOR BASS IN MILLISECONDS IS         .0
 TIME FOR BALE IN MIILISECONDS IS         .0

 N IS 100 M IS   3 NB IS   1
 TIME FOR BASS IN MILLISECONDS IS         .0
 TIME FOR BALE IN MIILISECONDS IS         .0

 N IS 100 M IS   3 NB IS  10
 TIME FOR BASS IN MILLISECONDS IS         .0
 TIME FOR BALE IN MIILISECONDS IS         .0

 N IS 100 M IS  19 NB IS   1
 TIME FOR BASS IN MILLISECONDS IS         .0
 TIME FOR BALE IN MIILISECONDS IS         .0

 N IS 100 M IS  19 NB IS  10
 TIME FOR BASS IN MILLISECONDS IS         .0
 TIME FOR BALE IN MIILISECONDS IS         .0
