
 N IS   48 ,NUMBER OF UPPER DIAGONALS IS  5
 TIME FOR BPLD      0
 TIME FOR BPDC      0
 TIME FOR BPCE      0

 N IS   96 ,NUMBER OF UPPER DIAGONALS IS  5
 TIME FOR BPLD      0
 TIME FOR BPDC      0
 TIME FOR BPCE      0

 N IS   48 ,NUMBER OF UPPER DIAGONALS IS  9
 TIME FOR BPLD      0
 TIME FOR BPDC      0
 TIME FOR BPCE      0

 N IS   96 ,NUMBER OF UPPER DIAGONALS IS  9
 TIME FOR BPLD      0
 TIME FOR BPDC      0
 TIME FOR BPCE      0

 N IS   48 ,NUMBER OF UPPER DIAGONALS IS 17
 TIME FOR BPLD      0
 TIME FOR BPDC      0
 TIME FOR BPCE      0

 N IS   96 ,NUMBER OF UPPER DIAGONALS IS 17
 TIME FOR BPLD      0
 TIME FOR BPDC      0
 TIME FOR BPCE      0
