
 AT ITERATION     1 CTX=      .73333E+01
 NO.OF ACT. GEN.=     1 NO.OF ACT.SIM=    0
 X      .83333E+00     .66667E+00     .50000E+00     .33333E+00
 AT CONSTRAINT     1 RESIDUAL=      .00000E+00
 AT CONSTRAINT     2 RESIDUAL=      .50000E+00
 AT CONSTRAINT     3 RESIDUAL=      .40000E+01
  ACTIVE GENERAL CONSTRAINTS    1

 AT ITERATION     2 CTX=      .16000E+02
 NO.OF ACT. GEN.=     1 NO.OF ACT.SIM=    1
 X      .95000E+01     .50000E+01     .50000E+00    -.40000E+01
 AT CONSTRAINT     1 RESIDUAL=      .24796E-04
 AT CONSTRAINT     2 RESIDUAL=      .13500E+02
 AT CONSTRAINT     3 RESIDUAL=      .40000E+01
  ACTIVE GENERAL CONSTRAINTS    1
 LOWER BOUND ON X( 4) IS ACTIVE

 AT ITERATION     3 CTX=      .16375E+02
 NO.OF ACT. GEN.=     1 NO.OF ACT.SIM=    2
 X      .10000E+02     .51250E+01     .25001E+00    -.40000E+01
 AT CONSTRAINT     1 RESIDUAL=      .24796E-04
 AT CONSTRAINT     2 RESIDUAL=      .14125E+02
 AT CONSTRAINT     3 RESIDUAL=      .38750E+01
  ACTIVE GENERAL CONSTRAINTS    1
 LOWER BOUND ON X( 4) IS ACTIVE
 UPPER BOUND ON X( 1) IS ACTIVE

 AT ITERATION     4 CTX=      .17667E+02
 NO.OF ACT. GEN.=     2 NO.OF ACT.SIM=    2
 X      .10000E+02     .90000E+01    -.23333E+01    -.40000E+01
 AT CONSTRAINT     1 RESIDUAL=      .17166E-04
 AT CONSTRAINT     2 RESIDUAL=      .18000E+02
 AT CONSTRAINT     3 RESIDUAL=      .00000E+00
  ACTIVE GENERAL CONSTRAINTS    1   3
 LOWER BOUND ON X( 4) IS ACTIVE
 UPPER BOUND ON X( 1) IS ACTIVE
 SOLUTION:     .100000E+02    .900000E+01   -.233333E+01   -.400000E+01
 FUNCTION VALUE:      .17667E+02
