
     I     INITIAL X(I)        D(I)

     1      .200000E+01      .100E+01
     2      .300000E+02      .200E+01
     3      .900000E+01      .300E+01

    IT   NF       F        RELDF    PRELDF    RELDX   STPPAR   D*STEP   NPRELDF

     0    1   .283E+06
     1    4   .567E+05   .80E+00   .67E+00   .1E+00   .5E+01   .1E+02   .67E+00
     2    5   .116E+05   .80E+00   .66E+00   .2E+00   .2E+01   .1E+02   .67E+00
     3    6   .250E+04   .78E+00   .66E+00   .3E+00   .9E+00   .2E+02   .66E+00
     4    7   .732E+03   .71E+00   .60E+00   .3E+00   .0E+00   .1E+02   .60E+00
     5    8   .435E+03   .41E+00   .34E+00   .4E-01   .0E+00   .2E+01   .34E+00
     6    9   .396E+03   .90E-01   .79E-01   .2E-01   .0E+00   .1E+01   .79E-01
     7   10   .394E+03   .57E-02   .54E-02   .7E-02   .0E+00   .4E+00   .54E-02
     8   11   .394E+03   .44E-04   .44E-04   .7E-03   .0E+00   .4E-01   .44E-04
     9   12   .394E+03   .00E+00   .36E-08   .6E-05   .0E+00   .3E-03   .36E-08

 ***** X- AND RELATIVE FUNCTION CONVERGENCE *****

 FUNCTION      .394143E+03   RELDX         .626E-05
 FUNC. EVALS      12         GRAD. EVALS       9
 PRELDF        .363E-08      NPRELDF       .363E-08

     I      FINAL X(I)        D(I)          G(I)

     1    -.410960E+01      .100E+01      .786E-02
     2     .294520E+01      .200E+01      .786E-02
     3     .529680E+01      .300E+01      .786E-02
