
     I     INITIAL X(I)        D(I)

     1      .200000E+01      .100E+01
     2      .100000E+02      .200E+01
     3      .900000E+01      .300E+01

    IT   NF       F        RELDF    PRELDF    RELDX   STPPAR   D*STEP   NPRELDF

     0    1   .195E+05
     1    4   .478E+04   .76E+00   .65E+00   .2E+00   .1E+03   .9E+01   .66E+00
     2    5   .119E+04   .75E+00   .63E+00   .2E+00   .0E+00   .8E+01   .63E+00
     3    6   .545E+03   .54E+00   .46E+00   .1E+00   .0E+00   .5E+01   .46E+00
     4    7   .455E+03   .16E+00   .14E+00   .8E-01   .0E+00   .3E+01   .14E+00
     5    8   .449E+03   .13E-01   .13E-01   .3E-01   .0E+00   .1E+01   .13E-01
     6    9   .449E+03   .15E-03   .15E-03   .4E-02   .0E+00   .1E+00   .15E-03
     7   10   .449E+03   .68E-07   .27E-07   .5E-04   .0E+00   .2E-02   .27E-07
     8   11   .449E+03   .68E-07   .52E-14   .3E-07   .0E+00   .7E-06   .52E-14
     9   11   .449E+03   .00E+00   .00E+00   .0E+00   .0E+00   .0E+00   .00E+00

 ***** X- AND RELATIVE FUNCTION CONVERGENCE *****

 FUNCTION      .448523E+03   RELDX         .000E+00
 FUNC. EVALS      11         GRAD. EVALS       9
 PRELDF        .000E+00      NPRELDF       .000E+00

     I      FINAL X(I)        D(I)          G(I)

     1     .100000E+01      .100E+01      .213E+02
     2     .169161E+00      .200E+01      .000E+00
     3     .344611E+01      .300E+01      .000E+00
