
     I     INITIAL X(I)        D(I)

     1      .500000E+00      .100E+01
     2      .150000E+01      .100E+01
     3     -.100000E+01      .100E+01
     4      .100000E-01      .552E+02
     5      .200000E-01      .184E+02

    IT   NF      F       RELDF   PRELDF   RELDX  MODEL  STPPAR  D*STEP  NPRELDF

     0    1  .440E+00
     1    2  .949E-03  .10E+01  .10E+01  .5E-01    G    .0E+00  .2E+00  .10E+01
     2    4  .438E-04  .95E+00  .95E+00  .2E-01    G    .9E-03  .9E-01  .97E+00
     3    6  .408E-04  .67E-01  .78E-01  .1E-01    G    .2E-02  .4E-01  .37E+00
     4    8  .380E-04  .69E-01  .83E-01  .1E-01    G    .1E-02  .5E-01  .32E+00
     5    9  .345E-04  .92E-01  .20E+00  .2E-01    S    .7E-03  .9E-01  .38E+00
     6   12  .325E-04  .58E-01  .65E-01  .9E-02   S-G   .8E-03  .4E-01  .20E+00
     7   13  .314E-04  .35E-01  .40E-01  .9E-02    G    .6E-03  .4E-01  .16E+00
     8   14  .305E-04  .29E-01  .34E-01  .9E-02    G    .5E-03  .4E-01  .13E+00
     9   15  .297E-04  .25E-01  .29E-01  .9E-02    G    .4E-03  .4E-01  .10E+00
    10   16  .291E-04  .20E-01  .25E-01  .9E-02    G    .3E-03  .4E-01  .78E-01
    11   17  .286E-04  .17E-01  .21E-01  .8E-02    G    .3E-03  .4E-01  .60E-01
    12   18  .282E-04  .13E-01  .17E-01  .8E-02    G    .2E-03  .4E-01  .44E-01
    13   19  .279E-04  .10E-01  .14E-01  .8E-02    G    .2E-03  .4E-01  .32E-01
    14   20  .277E-04  .79E-02  .11E-01  .8E-02    G    .1E-03  .4E-01  .22E-01
    15   21  .276E-04  .57E-02  .85E-02  .8E-02    G    .7E-04  .4E-01  .14E-01
    16   22  .275E-04  .38E-02  .64E-02  .8E-02    G    .4E-04  .4E-01  .86E-02
    17   23  .274E-04  .21E-02  .45E-02  .8E-02    G    .2E-04  .4E-01  .49E-02
    18   24  .274E-04  .17E-02  .29E-02  .7E-02    G    .0E+00  .4E-01  .29E-02
    19   25  .273E-04  .12E-02  .12E-02  .3E-03    G    .0E+00  .2E-02  .12E-02

 ***** X-CONVERGENCE *****

 FUNCTION      .273244E-04   RELDX         .339E-03
 FUNC. EVALS      25         GRAD. EVALS      20
 PRELDF        .122E-02      NPRELDF       .122E-02

     I      FINAL X(I)        D(I)          G(I)

     1     .375410E+00      .100E+01     -.297E-05
     2     .193585E+01      .100E+01     -.112E-05
     3    -.146469E+01      .100E+01     -.733E-06
     4     .128675E-01      .553E+02      .121E-03
     5     .221227E-01      .242E+02     -.414E-04

    5 EXTRA FUNC. EVALS FOR COVARIANCE AND DIAGNOSTICS.
    5 EXTRA GRAD. EVALS FOR COVARIANCE AND DIAGNOSTICS.

 ++++++ INDEFINITE COVARIANCE MATRIX ++++++
