
     I     INITIAL X(I)        D(I)

     1      .100000E-01      .713E+01
     2      .200000E-01      .271E+01

    IT   NF      F       RELDF   PRELDF   RELDX  MODEL  STPPAR  D*STEP  NPRELDF

     0    1  .246E-02
     1    2  .460E-04  .98E+00  .99E+00  .1E+00    G    .0E+00  .2E-01  .99E+00
     2    3  .327E-04  .29E+00  .39E+00  .5E-01    G    .0E+00  .1E-01  .39E+00
     3    4  .273E-04  .16E+00  .16E+00  .1E-01    G    .0E+00  .3E-02  .16E+00
     4    5  .273E-04  .22E-03  .23E-03  .5E-03    G    .0E+00  .1E-03  .23E-03
     5    6  .273E-04  .71E-09  .69E-09  .2E-05    G    .0E+00  .6E-06  .69E-09
     6    7  .273E-04  .17E-12  .57E-12  .7E-07    G    .0E+00  .2E-07  .57E-12

 ***** RELATIVE FUNCTION CONVERGENCE *****

 FUNCTION      .273245E-04   RELDX         .657E-07
 FUNC. EVALS       7         GRAD. EVALS       7
 PRELDF        .571E-12      NPRELDF       .571E-12

     I      FINAL X(I)        D(I)          G(I)

     1     .128675E-01      .774E+01      .478E-09
     2     .221227E-01      .303E+01      .485E-09

 LINEAR PARAMETERS...

     1     .375410E+00
     2     .193585E+01
     3    -.146469E+01

    3 EXTRA FUNC. EVALS FOR COVARIANCE AND DIAGNOSTICS.
    3 EXTRA GRAD. EVALS FOR COVARIANCE AND DIAGNOSTICS.

 RECIPROCAL CONDITION OF F.D. HESSIAN = AT MOST   .41E-09

 COVARIANCE = SCALE * H**-1 * (J**T * J) * H**-1
 WHERE H = F.D. HESSIAN

 ROW  1      .213E-06
 ROW  2     -.421E-06    .853E-06
 ROW  3      .923E-06   -.174E-05    .448E-05
 ROW  4      .105E-03   -.209E-03    .441E-03    .516E-01
 ROW  5     -.105E-03    .210E-03   -.445E-03   -.520E-01    .523E-01


 REGRESSION DIAGNOSTIC = SQRT( G(I)**T * H(I)**-1 * G(I) / ABS(F) )...
    .105E+01    .535E+00    .115E+00    .118E+00    .274E+00    .129E-01
    .382E-01    .445E-01    .465E-01    .439E-01    .959E-01    .716E-01
    .476E-01    .108E+00    .461E-01    .192E-01    .454E-02    .333E-01
    .678E-01    .358E-01    .310E-01    .711E-01    .164E-01    .149E-01
    .320E-01    .430E-01    .530E-01    .382E-01    .737E-01    .439E-01
    .216E-01    .121E+00    .329E-01
