  TRYING TO FIND FEASIBLE POINT

 AT ITERATION     1
 NO.OF ACT. GEN.=     1 NO.OF ACT.SIM=    0
  ACTIVE GENERAL CONSTRAINTS    1
  TRYING TO FIND FEASIBLE POINT

 AT ITERATION     1
 NO.OF ACT. GEN.=     1 NO.OF ACT.SIM=    0
  ACTIVE GENERAL CONSTRAINTS    1
 INDEFINITE PROJECTED HESSIAN
 FEASIBLE POINT FOUND 
      .30000E+01     .20000E+01     .95000E+00     .19500E+01
EQUALITY CONSTRAINTS 
         1
 ITERATION  F   RELDF     RELDX  DROPPED    ADDED
                               CONSTRAINT CONSTRAINT
  1   .101E+03  .000E+00  .000E+00
  2   .258E+02 -.293E+01  .110E+01        4U
  3   .623E+01 -.314E+01  .521E+00        1L
  4  -.187E+02  .133E+01  .995E+00   4U
  5  -.189E+02  .154E-01  .180E+00
 FINAL SOLUTION:
    1    -.1000E+01
    2    -.2000E+01
    3    -.2527E+01
    4     .3270E+01
 FINAL FUNCTION VALUE:
    -.1894E+02
